2023-04-18 20:49:35 INFO  Log:15 - ********************************
2023-04-18 20:49:35 INFO  Log:16 - ********************************
2023-04-18 20:49:35 INFO  Log:17 - *************This is the beginning of my Test case*******************
2023-04-18 20:49:35 INFO  Log:28 - My test is executing right now
2023-04-18 20:49:35 INFO  Log:33 - My test case might have some trivial issues
2023-04-18 20:49:53 INFO  Log:28 - This case is about to get completed
2023-04-18 20:49:53 INFO  Log:22 - ###################################
2023-04-18 20:49:53 INFO  Log:23 - ###################################
2023-04-18 20:49:53 INFO  Log:24 - ############This test case is finished#######################
2023-04-19 00:37:22 INFO  Log:15 - ********************************
2023-04-19 00:37:22 INFO  Log:16 - ********************************
2023-04-19 00:37:22 INFO  Log:17 - *************This is the beginning of my Test case*******************
2023-04-19 00:37:22 INFO  Log:28 - My test is executing right now
2023-04-19 00:37:22 INFO  Log:33 - My test case might have some trivial issues
2023-04-19 00:37:30 INFO  Log:28 - This case is about to get completed
2023-04-19 00:37:30 INFO  Log:22 - ###################################
2023-04-19 00:37:30 INFO  Log:23 - ###################################
2023-04-19 00:37:30 INFO  Log:24 - ############This test case is finished#######################
2023-04-19 00:38:48 INFO  Log:15 - ********************************
2023-04-19 00:38:48 INFO  Log:16 - ********************************
2023-04-19 00:38:48 INFO  Log:17 - *************This is the beginning of my Test case*******************
2023-04-19 00:38:48 INFO  Log:28 - My test is executing right now
2023-04-19 00:38:48 INFO  Log:33 - My test case might have some trivial issues
2023-04-19 00:38:55 INFO  Log:28 - This case is about to get completed
2023-04-19 00:38:55 INFO  Log:22 - ###################################
2023-04-19 00:38:55 INFO  Log:23 - ###################################
2023-04-19 00:38:55 INFO  Log:24 - ############This test case is finished#######################
2023-04-21 21:13:30 INFO  Log:15 - ********************************
2023-04-21 21:13:30 INFO  Log:16 - ********************************
2023-04-21 21:13:30 INFO  Log:17 - *************This is the beginning of my Test case*******************
2023-04-21 21:13:30 INFO  Log:28 - My test is executing right now
2023-04-21 21:13:30 INFO  Log:33 - My test case might have some trivial issues
2023-04-21 21:13:39 INFO  Log:28 - This case is about to get completed
2023-04-21 21:13:39 INFO  Log:22 - ###################################
2023-04-21 21:13:39 INFO  Log:23 - ###################################
2023-04-21 21:13:39 INFO  Log:24 - ############This test case is finished#######################
2023-04-21 21:23:05 INFO  Log:15 - ********************************
2023-04-21 21:23:05 INFO  Log:16 - ********************************
2023-04-21 21:23:05 INFO  Log:17 - *************This is the beginning of my Test case*******************
2023-04-21 21:23:05 INFO  Log:28 - My test is executing right now
2023-04-21 21:23:05 INFO  Log:33 - My test case might have some trivial issues
2023-04-21 21:23:13 INFO  Log:28 - This case is about to get completed
2023-04-21 21:23:13 INFO  Log:22 - ###################################
2023-04-21 21:23:13 INFO  Log:23 - ###################################
2023-04-21 21:23:13 INFO  Log:24 - ############This test case is finished#######################
2023-04-22 12:40:53 INFO  Log:15 - ********************************
2023-04-22 12:40:53 INFO  Log:16 - ********************************
2023-04-22 12:40:53 INFO  Log:17 - *************This is the beginning of my Test case*******************
2023-04-22 12:40:53 INFO  Log:28 - My test is executing right now
2023-04-22 12:40:53 INFO  Log:33 - My test case might have some trivial issues
2023-04-22 12:41:01 INFO  Log:28 - This case is about to get completed
2023-04-22 12:41:01 INFO  Log:22 - ###################################
2023-04-22 12:41:01 INFO  Log:23 - ###################################
2023-04-22 12:41:01 INFO  Log:24 - ############This test case is finished#######################
2023-04-22 14:37:16 INFO  Log:15 - ********************************
2023-04-22 14:37:16 INFO  Log:16 - ********************************
2023-04-22 14:37:16 INFO  Log:17 - *************This is the beginning of my Test case*******************
2023-04-22 14:37:16 INFO  Log:28 - My test is executing right now
2023-04-22 14:37:16 INFO  Log:33 - My test case might have some trivial issues
2023-04-22 14:37:23 INFO  Log:28 - This case is about to get completed
2023-04-22 14:37:23 INFO  Log:22 - ###################################
2023-04-22 14:37:23 INFO  Log:23 - ###################################
2023-04-22 14:37:23 INFO  Log:24 - ############This test case is finished#######################
2023-04-23 18:25:11 INFO  Log:15 - ********************************
2023-04-23 18:25:11 INFO  Log:16 - ********************************
2023-04-23 18:25:11 INFO  Log:17 - *************This is the beginning of my Test case*******************
2023-04-23 18:25:11 INFO  Log:28 - My test is executing right now
2023-04-23 18:25:11 INFO  Log:33 - My test case might have some trivial issues
2023-04-23 18:25:18 INFO  Log:28 - This case is about to get completed
2023-04-23 18:25:18 INFO  Log:22 - ###################################
2023-04-23 18:25:18 INFO  Log:23 - ###################################
2023-04-23 18:25:18 INFO  Log:24 - ############This test case is finished#######################
2023-04-27 17:38:34 INFO  Log:15 - ********************************
2023-04-27 17:38:34 INFO  Log:16 - ********************************
2023-04-27 17:38:34 INFO  Log:17 - *************This is the beginning of my Test case*******************
2023-04-27 17:38:34 INFO  Log:28 - My test is executing right now
2023-04-27 17:38:34 INFO  Log:33 - My test case might have some trivial issues
2023-04-27 17:38:43 INFO  Log:28 - This case is about to get completed
2023-04-27 17:38:43 INFO  Log:22 - ###################################
2023-04-27 17:38:43 INFO  Log:23 - ###################################
2023-04-27 17:38:43 INFO  Log:24 - ############This test case is finished#######################
2023-04-27 18:48:00 INFO  Log:15 - ********************************
2023-04-27 18:48:00 INFO  Log:16 - ********************************
2023-04-27 18:48:00 INFO  Log:17 - *************This is the beginning of my Test case*******************
2023-04-27 18:48:00 INFO  Log:28 - My test is executing right now
2023-04-27 18:48:00 INFO  Log:33 - My test case might have some trivial issues
2023-04-27 18:48:00 INFO  Log:28 - This case is about to get completed
2023-04-27 18:48:00 INFO  Log:22 - ###################################
2023-04-27 18:48:00 INFO  Log:23 - ###################################
2023-04-27 18:48:00 INFO  Log:24 - ############This test case is finished#######################
2023-04-27 21:06:56 INFO  Log:15 - ********************************
2023-04-27 21:06:56 INFO  Log:16 - ********************************
2023-04-27 21:06:56 INFO  Log:17 - *************This is the beginning of my Test case*******************
2023-04-27 21:06:56 INFO  Log:28 - My test is executing right now
2023-04-27 21:06:56 INFO  Log:33 - My test case might have some trivial issues
2023-04-27 21:07:02 INFO  Log:28 - This case is about to get completed
2023-04-27 21:07:02 INFO  Log:22 - ###################################
2023-04-27 21:07:02 INFO  Log:23 - ###################################
2023-04-27 21:07:02 INFO  Log:24 - ############This test case is finished#######################
2023-04-27 21:09:17 INFO  Log:15 - ********************************
2023-04-27 21:09:17 INFO  Log:16 - ********************************
2023-04-27 21:09:17 INFO  Log:17 - *************This is the beginning of my Test case*******************
2023-04-27 21:09:17 INFO  Log:28 - My test is executing right now
2023-04-27 21:09:17 INFO  Log:33 - My test case might have some trivial issues
2023-04-27 21:09:23 INFO  Log:28 - This case is about to get completed
2023-04-27 21:09:23 INFO  Log:22 - ###################################
2023-04-27 21:09:23 INFO  Log:23 - ###################################
2023-04-27 21:09:23 INFO  Log:24 - ############This test case is finished#######################
2023-04-27 21:09:54 INFO  Log:15 - ********************************
2023-04-27 21:09:54 INFO  Log:16 - ********************************
2023-04-27 21:09:54 INFO  Log:17 - *************This is the beginning of my Test case*******************
2023-04-27 21:09:54 INFO  Log:28 - My test is executing right now
2023-04-27 21:09:54 INFO  Log:33 - My test case might have some trivial issues
2023-04-27 21:10:00 INFO  Log:28 - This case is about to get completed
2023-04-27 21:10:00 INFO  Log:22 - ###################################
2023-04-27 21:10:00 INFO  Log:23 - ###################################
2023-04-27 21:10:00 INFO  Log:24 - ############This test case is finished#######################
2023-04-27 21:10:51 INFO  Log:15 - ********************************
2023-04-27 21:10:51 INFO  Log:16 - ********************************
2023-04-27 21:10:51 INFO  Log:17 - *************This is the beginning of my Test case*******************
2023-04-27 21:10:51 INFO  Log:28 - My test is executing right now
2023-04-27 21:10:51 INFO  Log:33 - My test case might have some trivial issues
2023-04-27 21:10:57 INFO  Log:28 - This case is about to get completed
2023-04-27 21:10:57 INFO  Log:22 - ###################################
2023-04-27 21:10:57 INFO  Log:23 - ###################################
2023-04-27 21:10:57 INFO  Log:24 - ############This test case is finished#######################
2023-04-27 21:11:59 INFO  Log:15 - ********************************
2023-04-27 21:11:59 INFO  Log:16 - ********************************
2023-04-27 21:11:59 INFO  Log:17 - *************This is the beginning of my Test case*******************
2023-04-27 21:11:59 INFO  Log:28 - My test is executing right now
2023-04-27 21:11:59 INFO  Log:33 - My test case might have some trivial issues
2023-04-27 21:12:06 INFO  Log:28 - This case is about to get completed
2023-04-27 21:12:06 INFO  Log:22 - ###################################
2023-04-27 21:12:06 INFO  Log:23 - ###################################
2023-04-27 21:12:06 INFO  Log:24 - ############This test case is finished#######################
2023-04-27 21:28:11 INFO  Log:15 - ********************************
2023-04-27 21:28:11 INFO  Log:16 - ********************************
2023-04-27 21:28:11 INFO  Log:17 - *************This is the beginning of my Test case*******************
2023-04-27 21:28:11 INFO  Log:28 - My test is executing right now
2023-04-27 21:28:11 INFO  Log:33 - My test case might have some trivial issues
2023-04-27 21:28:17 INFO  Log:28 - This case is about to get completed
2023-04-27 21:28:17 INFO  Log:22 - ###################################
2023-04-27 21:28:17 INFO  Log:23 - ###################################
2023-04-27 21:28:17 INFO  Log:24 - ############This test case is finished#######################
2023-04-27 21:29:17 INFO  Log:15 - ********************************
2023-04-27 21:29:17 INFO  Log:16 - ********************************
2023-04-27 21:29:17 INFO  Log:17 - *************This is the beginning of my Test case*******************
2023-04-27 21:29:17 INFO  Log:28 - My test is executing right now
2023-04-27 21:29:17 INFO  Log:33 - My test case might have some trivial issues
2023-04-27 21:29:24 INFO  Log:28 - This case is about to get completed
2023-04-27 21:29:24 INFO  Log:22 - ###################################
2023-04-27 21:29:24 INFO  Log:23 - ###################################
2023-04-27 21:29:24 INFO  Log:24 - ############This test case is finished#######################
2023-04-27 21:31:35 INFO  Log:15 - ********************************
2023-04-27 21:31:35 INFO  Log:16 - ********************************
2023-04-27 21:31:35 INFO  Log:17 - *************This is the beginning of my Test case*******************
2023-04-27 21:31:35 INFO  Log:28 - My test is executing right now
2023-04-27 21:31:35 INFO  Log:33 - My test case might have some trivial issues
2023-04-27 21:31:41 INFO  Log:28 - This case is about to get completed
2023-04-27 21:31:41 INFO  Log:22 - ###################################
2023-04-27 21:31:41 INFO  Log:23 - ###################################
2023-04-27 21:31:41 INFO  Log:24 - ############This test case is finished#######################
2023-04-27 21:34:06 INFO  Log:15 - ********************************
2023-04-27 21:34:06 INFO  Log:16 - ********************************
2023-04-27 21:34:06 INFO  Log:17 - *************This is the beginning of my Test case*******************
2023-04-27 21:34:06 INFO  Log:28 - My test is executing right now
2023-04-27 21:34:06 INFO  Log:33 - My test case might have some trivial issues
2023-04-27 21:34:12 INFO  Log:28 - This case is about to get completed
2023-04-27 21:34:12 INFO  Log:22 - ###################################
2023-04-27 21:34:12 INFO  Log:23 - ###################################
2023-04-27 21:34:12 INFO  Log:24 - ############This test case is finished#######################
2023-04-27 22:38:17 INFO  Log:15 - ********************************
2023-04-27 22:38:17 INFO  Log:16 - ********************************
2023-04-27 22:38:17 INFO  Log:17 - *************This is the beginning of my Test case*******************
2023-04-27 22:38:17 INFO  Log:28 - My test is executing right now
2023-04-27 22:38:17 INFO  Log:33 - My test case might have some trivial issues
2023-04-27 22:38:25 INFO  Log:15 - ********************************
2023-04-27 22:38:25 INFO  Log:16 - ********************************
2023-04-27 22:38:25 INFO  Log:17 - *************This is the beginning of my Test case*******************
2023-04-27 22:38:25 INFO  Log:28 - My test is executing right now
2023-04-27 22:38:25 INFO  Log:33 - My test case might have some trivial issues
2023-04-27 22:38:27 INFO  Log:15 - ********************************
2023-04-27 22:38:27 INFO  Log:16 - ********************************
2023-04-27 22:38:27 INFO  Log:17 - *************This is the beginning of my Test case*******************
2023-04-27 22:38:27 INFO  Log:28 - My test is executing right now
2023-04-27 22:38:27 INFO  Log:33 - My test case might have some trivial issues
2023-04-27 22:38:29 INFO  Log:15 - ********************************
2023-04-27 22:38:29 INFO  Log:16 - ********************************
2023-04-27 22:38:29 INFO  Log:17 - *************This is the beginning of my Test case*******************
2023-04-27 22:38:29 INFO  Log:28 - My test is executing right now
2023-04-27 22:38:29 INFO  Log:33 - My test case might have some trivial issues
2023-04-27 22:38:32 INFO  Log:15 - ********************************
2023-04-27 22:38:32 INFO  Log:16 - ********************************
2023-04-27 22:38:32 INFO  Log:17 - *************This is the beginning of my Test case*******************
2023-04-27 22:38:32 INFO  Log:28 - My test is executing right now
2023-04-27 22:38:32 INFO  Log:33 - My test case might have some trivial issues
2023-04-27 22:39:21 INFO  Log:15 - ********************************
2023-04-27 22:39:21 INFO  Log:16 - ********************************
2023-04-27 22:39:21 INFO  Log:17 - *************This is the beginning of my Test case*******************
2023-04-27 22:39:21 INFO  Log:28 - My test is executing right now
2023-04-27 22:39:21 INFO  Log:33 - My test case might have some trivial issues
2023-04-27 22:39:28 INFO  Log:28 - This case is about to get completed
2023-04-27 22:39:28 INFO  Log:22 - ###################################
2023-04-27 22:39:28 INFO  Log:23 - ###################################
2023-04-27 22:39:28 INFO  Log:24 - ############This test case is finished#######################
2023-04-27 22:39:50 INFO  Log:15 - ********************************
2023-04-27 22:39:50 INFO  Log:16 - ********************************
2023-04-27 22:39:50 INFO  Log:17 - *************This is the beginning of my Test case*******************
2023-04-27 22:39:50 INFO  Log:28 - My test is executing right now
2023-04-27 22:39:50 INFO  Log:33 - My test case might have some trivial issues
2023-04-27 22:39:56 INFO  Log:28 - This case is about to get completed
2023-04-27 22:39:56 INFO  Log:22 - ###################################
2023-04-27 22:39:56 INFO  Log:23 - ###################################
2023-04-27 22:39:56 INFO  Log:24 - ############This test case is finished#######################
2023-04-27 22:40:24 INFO  Log:15 - ********************************
2023-04-27 22:40:24 INFO  Log:16 - ********************************
2023-04-27 22:40:24 INFO  Log:17 - *************This is the beginning of my Test case*******************
2023-04-27 22:40:24 INFO  Log:28 - My test is executing right now
2023-04-27 22:40:24 INFO  Log:33 - My test case might have some trivial issues
2023-04-27 22:40:30 INFO  Log:28 - This case is about to get completed
2023-04-27 22:40:30 INFO  Log:22 - ###################################
2023-04-27 22:40:30 INFO  Log:23 - ###################################
2023-04-27 22:40:30 INFO  Log:24 - ############This test case is finished#######################
2023-04-27 22:41:53 INFO  Log:15 - ********************************
2023-04-27 22:41:53 INFO  Log:16 - ********************************
2023-04-27 22:41:53 INFO  Log:17 - *************This is the beginning of my Test case*******************
2023-04-27 22:41:53 INFO  Log:28 - My test is executing right now
2023-04-27 22:41:53 INFO  Log:33 - My test case might have some trivial issues
2023-04-27 22:41:54 INFO  Log:28 - This case is about to get completed
2023-04-27 22:41:54 INFO  Log:22 - ###################################
2023-04-27 22:41:54 INFO  Log:23 - ###################################
2023-04-27 22:41:54 INFO  Log:24 - ############This test case is finished#######################
2023-04-27 22:42:21 INFO  Log:15 - ********************************
2023-04-27 22:42:21 INFO  Log:16 - ********************************
2023-04-27 22:42:21 INFO  Log:17 - *************This is the beginning of my Test case*******************
2023-04-27 22:42:21 INFO  Log:28 - My test is executing right now
2023-04-27 22:42:21 INFO  Log:33 - My test case might have some trivial issues
2023-04-27 22:42:22 INFO  Log:28 - This case is about to get completed
2023-04-27 22:42:22 INFO  Log:22 - ###################################
2023-04-27 22:42:22 INFO  Log:23 - ###################################
2023-04-27 22:42:22 INFO  Log:24 - ############This test case is finished#######################
2023-04-27 22:42:43 INFO  Log:15 - ********************************
2023-04-27 22:42:43 INFO  Log:16 - ********************************
2023-04-27 22:42:43 INFO  Log:17 - *************This is the beginning of my Test case*******************
2023-04-27 22:42:43 INFO  Log:28 - My test is executing right now
2023-04-27 22:42:43 INFO  Log:33 - My test case might have some trivial issues
2023-04-27 22:42:44 INFO  Log:28 - This case is about to get completed
2023-04-27 22:42:44 INFO  Log:22 - ###################################
2023-04-27 22:42:44 INFO  Log:23 - ###################################
2023-04-27 22:42:44 INFO  Log:24 - ############This test case is finished#######################
2023-04-27 22:43:22 INFO  Log:15 - ********************************
2023-04-27 22:43:22 INFO  Log:16 - ********************************
2023-04-27 22:43:22 INFO  Log:17 - *************This is the beginning of my Test case*******************
2023-04-27 22:43:22 INFO  Log:28 - My test is executing right now
2023-04-27 22:43:22 INFO  Log:33 - My test case might have some trivial issues
2023-04-27 22:43:24 INFO  Log:28 - This case is about to get completed
2023-04-27 22:43:24 INFO  Log:22 - ###################################
2023-04-27 22:43:24 INFO  Log:23 - ###################################
2023-04-27 22:43:24 INFO  Log:24 - ############This test case is finished#######################
2023-04-27 22:43:43 INFO  Log:15 - ********************************
2023-04-27 22:43:43 INFO  Log:16 - ********************************
2023-04-27 22:43:43 INFO  Log:17 - *************This is the beginning of my Test case*******************
2023-04-27 22:43:43 INFO  Log:28 - My test is executing right now
2023-04-27 22:43:43 INFO  Log:33 - My test case might have some trivial issues
2023-04-27 22:43:45 INFO  Log:28 - This case is about to get completed
2023-04-27 22:43:45 INFO  Log:22 - ###################################
2023-04-27 22:43:45 INFO  Log:23 - ###################################
2023-04-27 22:43:45 INFO  Log:24 - ############This test case is finished#######################
2023-04-27 22:48:14 INFO  Log:15 - ********************************
2023-04-27 22:48:14 INFO  Log:16 - ********************************
2023-04-27 22:48:14 INFO  Log:17 - *************This is the beginning of my Test case*******************
2023-04-27 22:48:14 INFO  Log:28 - My test is executing right now
2023-04-27 22:48:14 INFO  Log:33 - My test case might have some trivial issues
2023-04-27 22:48:16 INFO  Log:28 - This case is about to get completed
2023-04-27 22:48:16 INFO  Log:22 - ###################################
2023-04-27 22:48:16 INFO  Log:23 - ###################################
2023-04-27 22:48:16 INFO  Log:24 - ############This test case is finished#######################
2023-04-27 22:50:30 INFO  Log:15 - ********************************
2023-04-27 22:50:30 INFO  Log:16 - ********************************
2023-04-27 22:50:30 INFO  Log:17 - *************This is the beginning of my Test case*******************
2023-04-27 22:50:30 INFO  Log:28 - My test is executing right now
2023-04-27 22:50:30 INFO  Log:33 - My test case might have some trivial issues
2023-04-27 22:50:32 INFO  Log:28 - This case is about to get completed
2023-04-27 22:50:32 INFO  Log:22 - ###################################
2023-04-27 22:50:32 INFO  Log:23 - ###################################
2023-04-27 22:50:32 INFO  Log:24 - ############This test case is finished#######################
2023-04-27 22:52:24 INFO  Log:15 - ********************************
2023-04-27 22:52:24 INFO  Log:16 - ********************************
2023-04-27 22:52:24 INFO  Log:17 - *************This is the beginning of my Test case*******************
2023-04-27 22:52:24 INFO  Log:28 - My test is executing right now
2023-04-27 22:52:24 INFO  Log:33 - My test case might have some trivial issues
2023-04-27 22:52:32 INFO  Log:28 - This case is about to get completed
2023-04-27 22:52:32 INFO  Log:22 - ###################################
2023-04-27 22:52:32 INFO  Log:23 - ###################################
2023-04-27 22:52:32 INFO  Log:24 - ############This test case is finished#######################
2023-04-27 22:55:34 INFO  Log:15 - ********************************
2023-04-27 22:55:34 INFO  Log:16 - ********************************
2023-04-27 22:55:34 INFO  Log:17 - *************This is the beginning of my Test case*******************
2023-04-27 22:55:34 INFO  Log:28 - My test is executing right now
2023-04-27 22:55:34 INFO  Log:33 - My test case might have some trivial issues
2023-04-27 22:55:35 INFO  Log:28 - This case is about to get completed
2023-04-27 22:55:35 INFO  Log:22 - ###################################
2023-04-27 22:55:35 INFO  Log:23 - ###################################
2023-04-27 22:55:35 INFO  Log:24 - ############This test case is finished#######################
2023-04-27 22:55:53 INFO  Log:15 - ********************************
2023-04-27 22:55:53 INFO  Log:16 - ********************************
2023-04-27 22:55:53 INFO  Log:17 - *************This is the beginning of my Test case*******************
2023-04-27 22:55:53 INFO  Log:28 - My test is executing right now
2023-04-27 22:55:53 INFO  Log:33 - My test case might have some trivial issues
2023-04-27 22:55:54 INFO  Log:28 - This case is about to get completed
2023-04-27 22:55:54 INFO  Log:22 - ###################################
2023-04-27 22:55:54 INFO  Log:23 - ###################################
2023-04-27 22:55:54 INFO  Log:24 - ############This test case is finished#######################
2023-04-27 22:58:27 INFO  Log:15 - ********************************
2023-04-27 22:58:27 INFO  Log:16 - ********************************
2023-04-27 22:58:27 INFO  Log:17 - *************This is the beginning of my Test case*******************
2023-04-27 22:58:27 INFO  Log:28 - My test is executing right now
2023-04-27 22:58:27 INFO  Log:33 - My test case might have some trivial issues
2023-04-27 22:58:34 INFO  Log:28 - This case is about to get completed
2023-04-27 22:58:34 INFO  Log:22 - ###################################
2023-04-27 22:58:34 INFO  Log:23 - ###################################
2023-04-27 22:58:34 INFO  Log:24 - ############This test case is finished#######################
2023-04-27 22:59:51 INFO  Log:15 - ********************************
2023-04-27 22:59:51 INFO  Log:16 - ********************************
2023-04-27 22:59:51 INFO  Log:17 - *************This is the beginning of my Test case*******************
2023-04-27 22:59:51 INFO  Log:28 - My test is executing right now
2023-04-27 22:59:51 INFO  Log:33 - My test case might have some trivial issues
2023-04-27 22:59:53 INFO  Log:28 - This case is about to get completed
2023-04-27 22:59:53 INFO  Log:22 - ###################################
2023-04-27 22:59:53 INFO  Log:23 - ###################################
2023-04-27 22:59:53 INFO  Log:24 - ############This test case is finished#######################
2023-04-27 23:01:23 INFO  Log:15 - ********************************
2023-04-27 23:01:23 INFO  Log:16 - ********************************
2023-04-27 23:01:23 INFO  Log:17 - *************This is the beginning of my Test case*******************
2023-04-27 23:01:23 INFO  Log:28 - My test is executing right now
2023-04-27 23:01:23 INFO  Log:33 - My test case might have some trivial issues
2023-04-27 23:01:24 INFO  Log:28 - This case is about to get completed
2023-04-27 23:01:24 INFO  Log:22 - ###################################
2023-04-27 23:01:24 INFO  Log:23 - ###################################
2023-04-27 23:01:24 INFO  Log:24 - ############This test case is finished#######################
2023-04-27 23:05:46 INFO  Log:15 - ********************************
2023-04-27 23:05:46 INFO  Log:16 - ********************************
2023-04-27 23:05:46 INFO  Log:17 - *************This is the beginning of my Test case*******************
2023-04-27 23:05:46 INFO  Log:28 - My test is executing right now
2023-04-27 23:05:46 INFO  Log:33 - My test case might have some trivial issues
2023-04-27 23:05:47 INFO  Log:28 - This case is about to get completed
2023-04-27 23:05:47 INFO  Log:22 - ###################################
2023-04-27 23:05:47 INFO  Log:23 - ###################################
2023-04-27 23:05:47 INFO  Log:24 - ############This test case is finished#######################
2023-04-27 23:07:06 INFO  Log:15 - ********************************
2023-04-27 23:07:06 INFO  Log:16 - ********************************
2023-04-27 23:07:06 INFO  Log:17 - *************This is the beginning of my Test case*******************
2023-04-27 23:07:06 INFO  Log:28 - My test is executing right now
2023-04-27 23:07:06 INFO  Log:33 - My test case might have some trivial issues
2023-04-27 23:07:07 INFO  Log:28 - This case is about to get completed
2023-04-27 23:07:07 INFO  Log:22 - ###################################
2023-04-27 23:07:07 INFO  Log:23 - ###################################
2023-04-27 23:07:07 INFO  Log:24 - ############This test case is finished#######################
2023-04-27 23:08:15 INFO  Log:15 - ********************************
2023-04-27 23:08:15 INFO  Log:16 - ********************************
2023-04-27 23:08:15 INFO  Log:17 - *************This is the beginning of my Test case*******************
2023-04-27 23:08:15 INFO  Log:28 - My test is executing right now
2023-04-27 23:08:15 INFO  Log:33 - My test case might have some trivial issues
2023-04-27 23:08:16 INFO  Log:28 - This case is about to get completed
2023-04-27 23:08:16 INFO  Log:22 - ###################################
2023-04-27 23:08:16 INFO  Log:23 - ###################################
2023-04-27 23:08:16 INFO  Log:24 - ############This test case is finished#######################
2023-04-27 23:08:40 INFO  Log:15 - ********************************
2023-04-27 23:08:40 INFO  Log:16 - ********************************
2023-04-27 23:08:40 INFO  Log:17 - *************This is the beginning of my Test case*******************
2023-04-27 23:08:40 INFO  Log:28 - My test is executing right now
2023-04-27 23:08:40 INFO  Log:33 - My test case might have some trivial issues
2023-04-27 23:08:48 INFO  Log:28 - This case is about to get completed
2023-04-27 23:08:48 INFO  Log:22 - ###################################
2023-04-27 23:08:48 INFO  Log:23 - ###################################
2023-04-27 23:08:48 INFO  Log:24 - ############This test case is finished#######################
2023-04-27 23:09:34 INFO  Log:15 - ********************************
2023-04-27 23:09:34 INFO  Log:16 - ********************************
2023-04-27 23:09:34 INFO  Log:17 - *************This is the beginning of my Test case*******************
2023-04-27 23:09:34 INFO  Log:28 - My test is executing right now
2023-04-27 23:09:34 INFO  Log:33 - My test case might have some trivial issues
2023-04-27 23:09:43 INFO  Log:28 - This case is about to get completed
2023-04-27 23:09:43 INFO  Log:22 - ###################################
2023-04-27 23:09:43 INFO  Log:23 - ###################################
2023-04-27 23:09:43 INFO  Log:24 - ############This test case is finished#######################
2023-04-27 23:10:53 INFO  Log:15 - ********************************
2023-04-27 23:10:53 INFO  Log:16 - ********************************
2023-04-27 23:10:53 INFO  Log:17 - *************This is the beginning of my Test case*******************
2023-04-27 23:10:53 INFO  Log:28 - My test is executing right now
2023-04-27 23:10:53 INFO  Log:33 - My test case might have some trivial issues
2023-04-27 23:11:00 INFO  Log:28 - This case is about to get completed
2023-04-27 23:11:00 INFO  Log:22 - ###################################
2023-04-27 23:11:00 INFO  Log:23 - ###################################
2023-04-27 23:11:00 INFO  Log:24 - ############This test case is finished#######################
2023-04-28 16:33:33 INFO  Log:15 - ********************************
2023-04-28 16:33:33 INFO  Log:16 - ********************************
2023-04-28 16:33:33 INFO  Log:17 - *************This is the beginning of my Test case*******************
2023-04-28 16:33:33 INFO  Log:28 - My test is executing right now
2023-04-28 16:33:33 INFO  Log:33 - My test case might have some trivial issues
2023-04-28 16:33:35 INFO  Log:28 - This case is about to get completed
2023-04-28 16:33:35 INFO  Log:22 - ###################################
2023-04-28 16:33:35 INFO  Log:23 - ###################################
2023-04-28 16:33:35 INFO  Log:24 - ############This test case is finished#######################
2023-04-28 16:36:04 INFO  Log:15 - ********************************
2023-04-28 16:36:04 INFO  Log:16 - ********************************
2023-04-28 16:36:04 INFO  Log:17 - *************This is the beginning of my Test case*******************
2023-04-28 16:36:04 INFO  Log:28 - My test is executing right now
2023-04-28 16:36:04 INFO  Log:33 - My test case might have some trivial issues
2023-04-28 16:36:07 INFO  Log:28 - This case is about to get completed
2023-04-28 16:36:07 INFO  Log:22 - ###################################
2023-04-28 16:36:07 INFO  Log:23 - ###################################
2023-04-28 16:36:07 INFO  Log:24 - ############This test case is finished#######################
2023-04-28 17:20:36 INFO  Log:15 - ********************************
2023-04-28 17:20:36 INFO  Log:16 - ********************************
2023-04-28 17:20:36 INFO  Log:17 - *************This is the beginning of my Test case*******************
2023-04-28 17:20:36 INFO  Log:28 - My test is executing right now
2023-04-28 17:20:36 INFO  Log:33 - My test case might have some trivial issues
2023-04-28 17:20:37 INFO  Log:28 - This case is about to get completed
2023-04-28 17:20:37 INFO  Log:22 - ###################################
2023-04-28 17:20:37 INFO  Log:23 - ###################################
2023-04-28 17:20:37 INFO  Log:24 - ############This test case is finished#######################
2023-04-28 17:21:39 INFO  Log:15 - ********************************
2023-04-28 17:21:39 INFO  Log:16 - ********************************
2023-04-28 17:21:39 INFO  Log:17 - *************This is the beginning of my Test case*******************
2023-04-28 17:21:39 INFO  Log:28 - My test is executing right now
2023-04-28 17:21:39 INFO  Log:33 - My test case might have some trivial issues
2023-04-28 17:21:40 INFO  Log:28 - This case is about to get completed
2023-04-28 17:21:40 INFO  Log:22 - ###################################
2023-04-28 17:21:40 INFO  Log:23 - ###################################
2023-04-28 17:21:40 INFO  Log:24 - ############This test case is finished#######################
2023-04-28 17:23:27 INFO  Log:15 - ********************************
2023-04-28 17:23:27 INFO  Log:16 - ********************************
2023-04-28 17:23:27 INFO  Log:17 - *************This is the beginning of my Test case*******************
2023-04-28 17:23:27 INFO  Log:28 - My test is executing right now
2023-04-28 17:23:27 INFO  Log:33 - My test case might have some trivial issues
2023-04-28 17:23:29 INFO  Log:28 - This case is about to get completed
2023-04-28 17:23:29 INFO  Log:22 - ###################################
2023-04-28 17:23:29 INFO  Log:23 - ###################################
2023-04-28 17:23:29 INFO  Log:24 - ############This test case is finished#######################
2023-04-28 17:24:16 INFO  Log:15 - ********************************
2023-04-28 17:24:16 INFO  Log:16 - ********************************
2023-04-28 17:24:16 INFO  Log:17 - *************This is the beginning of my Test case*******************
2023-04-28 17:24:16 INFO  Log:28 - My test is executing right now
2023-04-28 17:24:16 INFO  Log:33 - My test case might have some trivial issues
2023-04-28 17:24:22 INFO  Log:28 - This case is about to get completed
2023-04-28 17:24:22 INFO  Log:22 - ###################################
2023-04-28 17:24:22 INFO  Log:23 - ###################################
2023-04-28 17:24:22 INFO  Log:24 - ############This test case is finished#######################
2023-04-28 17:25:38 INFO  Log:15 - ********************************
2023-04-28 17:25:38 INFO  Log:16 - ********************************
2023-04-28 17:25:38 INFO  Log:17 - *************This is the beginning of my Test case*******************
2023-04-28 17:25:38 INFO  Log:28 - My test is executing right now
2023-04-28 17:25:38 INFO  Log:33 - My test case might have some trivial issues
2023-04-28 17:25:41 INFO  Log:28 - This case is about to get completed
2023-04-28 17:25:41 INFO  Log:22 - ###################################
2023-04-28 17:25:41 INFO  Log:23 - ###################################
2023-04-28 17:25:41 INFO  Log:24 - ############This test case is finished#######################
2023-04-28 17:26:14 INFO  Log:15 - ********************************
2023-04-28 17:26:14 INFO  Log:16 - ********************************
2023-04-28 17:26:14 INFO  Log:17 - *************This is the beginning of my Test case*******************
2023-04-28 17:26:14 INFO  Log:28 - My test is executing right now
2023-04-28 17:26:14 INFO  Log:33 - My test case might have some trivial issues
2023-04-28 17:26:17 INFO  Log:28 - This case is about to get completed
2023-04-28 17:26:17 INFO  Log:22 - ###################################
2023-04-28 17:26:17 INFO  Log:23 - ###################################
2023-04-28 17:26:17 INFO  Log:24 - ############This test case is finished#######################
2023-04-28 17:27:25 INFO  Log:15 - ********************************
2023-04-28 17:27:25 INFO  Log:16 - ********************************
2023-04-28 17:27:25 INFO  Log:17 - *************This is the beginning of my Test case*******************
2023-04-28 17:27:25 INFO  Log:28 - My test is executing right now
2023-04-28 17:27:25 INFO  Log:33 - My test case might have some trivial issues
2023-04-28 17:27:38 INFO  Log:28 - This case is about to get completed
2023-04-28 17:27:38 INFO  Log:22 - ###################################
2023-04-28 17:27:38 INFO  Log:23 - ###################################
2023-04-28 17:27:38 INFO  Log:24 - ############This test case is finished#######################
2023-04-28 17:28:25 INFO  Log:15 - ********************************
2023-04-28 17:28:25 INFO  Log:16 - ********************************
2023-04-28 17:28:25 INFO  Log:17 - *************This is the beginning of my Test case*******************
2023-04-28 17:28:25 INFO  Log:28 - My test is executing right now
2023-04-28 17:28:25 INFO  Log:33 - My test case might have some trivial issues
2023-04-28 17:28:33 INFO  Log:28 - This case is about to get completed
2023-04-28 17:28:33 INFO  Log:22 - ###################################
2023-04-28 17:28:33 INFO  Log:23 - ###################################
2023-04-28 17:28:33 INFO  Log:24 - ############This test case is finished#######################
2023-04-28 17:29:36 INFO  Log:15 - ********************************
2023-04-28 17:29:36 INFO  Log:16 - ********************************
2023-04-28 17:29:36 INFO  Log:17 - *************This is the beginning of my Test case*******************
2023-04-28 17:29:36 INFO  Log:28 - My test is executing right now
2023-04-28 17:29:36 INFO  Log:33 - My test case might have some trivial issues
2023-04-28 17:29:39 INFO  Log:28 - This case is about to get completed
2023-04-28 17:29:39 INFO  Log:22 - ###################################
2023-04-28 17:29:39 INFO  Log:23 - ###################################
2023-04-28 17:29:39 INFO  Log:24 - ############This test case is finished#######################
2023-04-28 17:30:42 INFO  Log:15 - ********************************
2023-04-28 17:30:42 INFO  Log:16 - ********************************
2023-04-28 17:30:42 INFO  Log:17 - *************This is the beginning of my Test case*******************
2023-04-28 17:30:42 INFO  Log:28 - My test is executing right now
2023-04-28 17:30:42 INFO  Log:33 - My test case might have some trivial issues
2023-04-28 17:30:46 INFO  Log:28 - This case is about to get completed
2023-04-28 17:30:46 INFO  Log:22 - ###################################
2023-04-28 17:30:46 INFO  Log:23 - ###################################
2023-04-28 17:30:46 INFO  Log:24 - ############This test case is finished#######################
2023-04-28 17:31:40 INFO  Log:15 - ********************************
2023-04-28 17:31:40 INFO  Log:16 - ********************************
2023-04-28 17:31:40 INFO  Log:17 - *************This is the beginning of my Test case*******************
2023-04-28 17:31:40 INFO  Log:28 - My test is executing right now
2023-04-28 17:31:40 INFO  Log:33 - My test case might have some trivial issues
2023-04-28 17:31:49 INFO  Log:28 - This case is about to get completed
2023-04-28 17:31:49 INFO  Log:22 - ###################################
2023-04-28 17:31:49 INFO  Log:23 - ###################################
2023-04-28 17:31:49 INFO  Log:24 - ############This test case is finished#######################
2023-04-28 17:34:38 INFO  Log:15 - ********************************
2023-04-28 17:34:38 INFO  Log:16 - ********************************
2023-04-28 17:34:38 INFO  Log:17 - *************This is the beginning of my Test case*******************
2023-04-28 17:34:38 INFO  Log:28 - My test is executing right now
2023-04-28 17:34:38 INFO  Log:33 - My test case might have some trivial issues
2023-04-28 17:34:41 INFO  Log:28 - This case is about to get completed
2023-04-28 17:34:41 INFO  Log:22 - ###################################
2023-04-28 17:34:41 INFO  Log:23 - ###################################
2023-04-28 17:34:41 INFO  Log:24 - ############This test case is finished#######################
2023-04-28 17:40:10 INFO  Log:15 - ********************************
2023-04-28 17:40:10 INFO  Log:16 - ********************************
2023-04-28 17:40:10 INFO  Log:17 - *************This is the beginning of my Test case*******************
2023-04-28 17:40:10 INFO  Log:28 - My test is executing right now
2023-04-28 17:40:10 INFO  Log:33 - My test case might have some trivial issues
2023-04-28 17:40:13 INFO  Log:28 - This case is about to get completed
2023-04-28 17:40:13 INFO  Log:22 - ###################################
2023-04-28 17:40:13 INFO  Log:23 - ###################################
2023-04-28 17:40:13 INFO  Log:24 - ############This test case is finished#######################
2023-04-28 17:42:28 INFO  Log:15 - ********************************
2023-04-28 17:42:28 INFO  Log:16 - ********************************
2023-04-28 17:42:28 INFO  Log:17 - *************This is the beginning of my Test case*******************
2023-04-28 17:42:28 INFO  Log:28 - My test is executing right now
2023-04-28 17:42:28 INFO  Log:33 - My test case might have some trivial issues
2023-04-28 17:42:31 INFO  Log:28 - This case is about to get completed
2023-04-28 17:42:31 INFO  Log:22 - ###################################
2023-04-28 17:42:31 INFO  Log:23 - ###################################
2023-04-28 17:42:31 INFO  Log:24 - ############This test case is finished#######################
2023-04-28 17:45:26 INFO  Log:15 - ********************************
2023-04-28 17:45:26 INFO  Log:16 - ********************************
2023-04-28 17:45:26 INFO  Log:17 - *************This is the beginning of my Test case*******************
2023-04-28 17:45:26 INFO  Log:28 - My test is executing right now
2023-04-28 17:45:26 INFO  Log:33 - My test case might have some trivial issues
2023-04-28 17:45:28 INFO  Log:28 - This case is about to get completed
2023-04-28 17:45:28 INFO  Log:22 - ###################################
2023-04-28 17:45:28 INFO  Log:23 - ###################################
2023-04-28 17:45:28 INFO  Log:24 - ############This test case is finished#######################
2023-04-28 17:48:45 INFO  Log:15 - ********************************
2023-04-28 17:48:45 INFO  Log:16 - ********************************
2023-04-28 17:48:45 INFO  Log:17 - *************This is the beginning of my Test case*******************
2023-04-28 17:48:45 INFO  Log:28 - My test is executing right now
2023-04-28 17:48:45 INFO  Log:33 - My test case might have some trivial issues
2023-04-28 17:48:53 INFO  Log:28 - This case is about to get completed
2023-04-28 17:48:53 INFO  Log:22 - ###################################
2023-04-28 17:48:53 INFO  Log:23 - ###################################
2023-04-28 17:48:53 INFO  Log:24 - ############This test case is finished#######################
2023-04-28 17:49:19 INFO  Log:15 - ********************************
2023-04-28 17:49:19 INFO  Log:16 - ********************************
2023-04-28 17:49:19 INFO  Log:17 - *************This is the beginning of my Test case*******************
2023-04-28 17:49:19 INFO  Log:28 - My test is executing right now
2023-04-28 17:49:19 INFO  Log:33 - My test case might have some trivial issues
2023-04-28 17:49:24 INFO  Log:28 - This case is about to get completed
2023-04-28 17:49:24 INFO  Log:22 - ###################################
2023-04-28 17:49:24 INFO  Log:23 - ###################################
2023-04-28 17:49:24 INFO  Log:24 - ############This test case is finished#######################
2023-04-28 18:29:29 INFO  Log:15 - ********************************
2023-04-28 18:29:29 INFO  Log:16 - ********************************
2023-04-28 18:29:29 INFO  Log:17 - *************This is the beginning of my Test case*******************
2023-04-28 18:29:29 INFO  Log:28 - My test is executing right now
2023-04-28 18:29:29 INFO  Log:33 - My test case might have some trivial issues
2023-04-28 18:29:32 INFO  Log:15 - ********************************
2023-04-28 18:29:32 INFO  Log:16 - ********************************
2023-04-28 18:29:32 INFO  Log:17 - *************This is the beginning of my Test case*******************
2023-04-28 18:29:32 INFO  Log:28 - My test is executing right now
2023-04-28 18:29:32 INFO  Log:33 - My test case might have some trivial issues
2023-04-28 18:29:36 INFO  Log:28 - This case is about to get completed
2023-04-28 18:29:36 INFO  Log:22 - ###################################
2023-04-28 18:29:36 INFO  Log:23 - ###################################
2023-04-28 18:29:36 INFO  Log:24 - ############This test case is finished#######################
2023-04-28 18:31:09 INFO  Log:15 - ********************************
2023-04-28 18:31:09 INFO  Log:16 - ********************************
2023-04-28 18:31:09 INFO  Log:17 - *************This is the beginning of my Test case*******************
2023-04-28 18:31:09 INFO  Log:28 - My test is executing right now
2023-04-28 18:31:09 INFO  Log:33 - My test case might have some trivial issues
2023-04-28 18:31:12 INFO  Log:15 - ********************************
2023-04-28 18:31:12 INFO  Log:16 - ********************************
2023-04-28 18:31:12 INFO  Log:17 - *************This is the beginning of my Test case*******************
2023-04-28 18:31:12 INFO  Log:28 - My test is executing right now
2023-04-28 18:31:12 INFO  Log:33 - My test case might have some trivial issues
2023-04-28 18:31:16 INFO  Log:28 - This case is about to get completed
2023-04-28 18:31:16 INFO  Log:22 - ###################################
2023-04-28 18:31:16 INFO  Log:23 - ###################################
2023-04-28 18:31:16 INFO  Log:24 - ############This test case is finished#######################
2023-04-28 19:09:30 INFO  Log:15 - ********************************
2023-04-28 19:09:30 INFO  Log:16 - ********************************
2023-04-28 19:09:30 INFO  Log:17 - *************This is the beginning of my Test case*******************
2023-04-28 19:09:30 INFO  Log:28 - My test is executing right now
2023-04-28 19:09:30 INFO  Log:33 - My test case might have some trivial issues
2023-04-28 19:09:33 INFO  Log:15 - ********************************
2023-04-28 19:09:33 INFO  Log:16 - ********************************
2023-04-28 19:09:33 INFO  Log:17 - *************This is the beginning of my Test case*******************
2023-04-28 19:09:33 INFO  Log:28 - My test is executing right now
2023-04-28 19:09:33 INFO  Log:33 - My test case might have some trivial issues
2023-04-28 19:09:33 INFO  Log:28 - This case is about to get completed
2023-04-28 19:09:33 INFO  Log:22 - ###################################
2023-04-28 19:09:33 INFO  Log:23 - ###################################
2023-04-28 19:09:33 INFO  Log:24 - ############This test case is finished#######################
2023-04-28 19:09:35 INFO  Log:15 - ********************************
2023-04-28 19:09:35 INFO  Log:16 - ********************************
2023-04-28 19:09:35 INFO  Log:17 - *************This is the beginning of my Test case*******************
2023-04-28 19:09:35 INFO  Log:28 - My test is executing right now
2023-04-28 19:09:35 INFO  Log:33 - My test case might have some trivial issues
2023-04-28 19:09:38 INFO  Log:15 - ********************************
2023-04-28 19:09:38 INFO  Log:16 - ********************************
2023-04-28 19:09:38 INFO  Log:17 - *************This is the beginning of my Test case*******************
2023-04-28 19:09:38 INFO  Log:28 - My test is executing right now
2023-04-28 19:09:38 INFO  Log:33 - My test case might have some trivial issues
2023-04-28 19:09:38 INFO  Log:28 - This case is about to get completed
2023-04-28 19:09:38 INFO  Log:22 - ###################################
2023-04-28 19:09:38 INFO  Log:23 - ###################################
2023-04-28 19:09:38 INFO  Log:24 - ############This test case is finished#######################
2023-04-28 19:09:41 INFO  Log:15 - ********************************
2023-04-28 19:09:41 INFO  Log:16 - ********************************
2023-04-28 19:09:41 INFO  Log:17 - *************This is the beginning of my Test case*******************
2023-04-28 19:09:41 INFO  Log:28 - My test is executing right now
2023-04-28 19:09:41 INFO  Log:33 - My test case might have some trivial issues
2023-04-28 19:09:46 INFO  Log:15 - ********************************
2023-04-28 19:09:46 INFO  Log:16 - ********************************
2023-04-28 19:09:46 INFO  Log:17 - *************This is the beginning of my Test case*******************
2023-04-28 19:09:46 INFO  Log:28 - My test is executing right now
2023-04-28 19:09:46 INFO  Log:33 - My test case might have some trivial issues
2023-04-28 19:09:46 INFO  Log:28 - This case is about to get completed
2023-04-28 19:09:46 INFO  Log:22 - ###################################
2023-04-28 19:09:46 INFO  Log:23 - ###################################
2023-04-28 19:09:46 INFO  Log:24 - ############This test case is finished#######################
2023-04-28 19:55:29 INFO  Log:15 - ********************************
2023-04-28 19:55:29 INFO  Log:16 - ********************************
2023-04-28 19:55:29 INFO  Log:17 - *************This is the beginning of my Test case*******************
2023-04-28 19:55:29 INFO  Log:28 - My test is executing right now
2023-04-28 19:55:29 INFO  Log:33 - My test case might have some trivial issues
2023-04-28 19:55:36 INFO  Log:28 - This case is about to get completed
2023-04-28 19:55:36 INFO  Log:22 - ###################################
2023-04-28 19:55:36 INFO  Log:23 - ###################################
2023-04-28 19:55:36 INFO  Log:24 - ############This test case is finished#######################
2023-04-28 19:55:38 INFO  Log:15 - ********************************
2023-04-28 19:55:38 INFO  Log:16 - ********************************
2023-04-28 19:55:38 INFO  Log:17 - *************This is the beginning of my Test case*******************
2023-04-28 19:55:38 INFO  Log:28 - My test is executing right now
2023-04-28 19:55:38 INFO  Log:33 - My test case might have some trivial issues
2023-04-28 19:55:45 INFO  Log:28 - This case is about to get completed
2023-04-28 19:55:45 INFO  Log:22 - ###################################
2023-04-28 19:55:45 INFO  Log:23 - ###################################
2023-04-28 19:55:45 INFO  Log:24 - ############This test case is finished#######################
2023-04-28 19:55:49 INFO  Log:15 - ********************************
2023-04-28 19:55:49 INFO  Log:16 - ********************************
2023-04-28 19:55:49 INFO  Log:17 - *************This is the beginning of my Test case*******************
2023-04-28 19:55:49 INFO  Log:28 - My test is executing right now
2023-04-28 19:55:49 INFO  Log:33 - My test case might have some trivial issues
2023-04-28 19:56:13 INFO  Log:28 - This case is about to get completed
2023-04-28 19:56:13 INFO  Log:22 - ###################################
2023-04-28 19:56:13 INFO  Log:23 - ###################################
2023-04-28 19:56:13 INFO  Log:24 - ############This test case is finished#######################
2023-04-28 19:56:17 INFO  Log:15 - ********************************
2023-04-28 19:56:17 INFO  Log:16 - ********************************
2023-04-28 19:56:17 INFO  Log:17 - *************This is the beginning of my Test case*******************
2023-04-28 19:56:17 INFO  Log:28 - My test is executing right now
2023-04-28 19:56:17 INFO  Log:33 - My test case might have some trivial issues
2023-04-28 19:56:21 INFO  Log:15 - ********************************
2023-04-28 19:56:21 INFO  Log:16 - ********************************
2023-04-28 19:56:21 INFO  Log:17 - *************This is the beginning of my Test case*******************
2023-04-28 19:56:21 INFO  Log:28 - My test is executing right now
2023-04-28 19:56:21 INFO  Log:33 - My test case might have some trivial issues
2023-04-28 19:56:23 INFO  Log:28 - This case is about to get completed
2023-04-28 19:56:23 INFO  Log:22 - ###################################
2023-04-28 19:56:23 INFO  Log:23 - ###################################
2023-04-28 19:56:23 INFO  Log:24 - ############This test case is finished#######################
2023-04-28 20:01:01 INFO  Log:15 - ********************************
2023-04-28 20:01:01 INFO  Log:16 - ********************************
2023-04-28 20:01:01 INFO  Log:17 - *************This is the beginning of my Test case*******************
2023-04-28 20:01:01 INFO  Log:28 - My test is executing right now
2023-04-28 20:01:01 INFO  Log:33 - My test case might have some trivial issues
2023-04-28 20:01:04 INFO  Log:15 - ********************************
2023-04-28 20:01:04 INFO  Log:16 - ********************************
2023-04-28 20:01:04 INFO  Log:17 - *************This is the beginning of my Test case*******************
2023-04-28 20:01:04 INFO  Log:28 - My test is executing right now
2023-04-28 20:01:04 INFO  Log:33 - My test case might have some trivial issues
2023-04-28 20:01:13 INFO  Log:28 - This case is about to get completed
2023-04-28 20:01:13 INFO  Log:22 - ###################################
2023-04-28 20:01:13 INFO  Log:23 - ###################################
2023-04-28 20:01:13 INFO  Log:24 - ############This test case is finished#######################
2023-04-28 20:02:35 INFO  Log:15 - ********************************
2023-04-28 20:02:35 INFO  Log:16 - ********************************
2023-04-28 20:02:35 INFO  Log:17 - *************This is the beginning of my Test case*******************
2023-04-28 20:02:35 INFO  Log:28 - My test is executing right now
2023-04-28 20:02:35 INFO  Log:33 - My test case might have some trivial issues
2023-04-28 20:02:36 INFO  Log:28 - This case is about to get completed
2023-04-28 20:02:36 INFO  Log:22 - ###################################
2023-04-28 20:02:36 INFO  Log:23 - ###################################
2023-04-28 20:02:36 INFO  Log:24 - ############This test case is finished#######################
2023-04-28 20:02:39 INFO  Log:15 - ********************************
2023-04-28 20:02:39 INFO  Log:16 - ********************************
2023-04-28 20:02:39 INFO  Log:17 - *************This is the beginning of my Test case*******************
2023-04-28 20:02:39 INFO  Log:28 - My test is executing right now
2023-04-28 20:02:39 INFO  Log:33 - My test case might have some trivial issues
2023-04-28 20:02:39 INFO  Log:28 - This case is about to get completed
2023-04-28 20:02:39 INFO  Log:22 - ###################################
2023-04-28 20:02:39 INFO  Log:23 - ###################################
2023-04-28 20:02:39 INFO  Log:24 - ############This test case is finished#######################
2023-04-28 20:02:43 INFO  Log:15 - ********************************
2023-04-28 20:02:43 INFO  Log:16 - ********************************
2023-04-28 20:02:43 INFO  Log:17 - *************This is the beginning of my Test case*******************
2023-04-28 20:02:43 INFO  Log:28 - My test is executing right now
2023-04-28 20:02:43 INFO  Log:33 - My test case might have some trivial issues
2023-04-28 20:02:43 INFO  Log:28 - This case is about to get completed
2023-04-28 20:02:43 INFO  Log:22 - ###################################
2023-04-28 20:02:43 INFO  Log:23 - ###################################
2023-04-28 20:02:43 INFO  Log:24 - ############This test case is finished#######################
2023-04-29 17:39:10 INFO  Log:15 - ********************************
2023-04-29 17:39:10 INFO  Log:16 - ********************************
2023-04-29 17:39:10 INFO  Log:17 - *************This is the beginning of my Test case*******************
2023-04-29 17:39:10 INFO  Log:28 - My test is executing right now
2023-04-29 17:39:10 INFO  Log:33 - My test case might have some trivial issues
2023-04-29 17:39:11 INFO  Log:28 - This case is about to get completed
2023-04-29 17:39:11 INFO  Log:22 - ###################################
2023-04-29 17:39:11 INFO  Log:23 - ###################################
2023-04-29 17:39:11 INFO  Log:24 - ############This test case is finished#######################
2023-04-29 17:39:14 INFO  Log:15 - ********************************
2023-04-29 17:39:14 INFO  Log:16 - ********************************
2023-04-29 17:39:14 INFO  Log:17 - *************This is the beginning of my Test case*******************
2023-04-29 17:39:14 INFO  Log:28 - My test is executing right now
2023-04-29 17:39:14 INFO  Log:33 - My test case might have some trivial issues
2023-04-29 17:39:16 INFO  Log:28 - This case is about to get completed
2023-04-29 17:39:16 INFO  Log:22 - ###################################
2023-04-29 17:39:16 INFO  Log:23 - ###################################
2023-04-29 17:39:16 INFO  Log:24 - ############This test case is finished#######################
2023-04-29 17:39:19 INFO  Log:15 - ********************************
2023-04-29 17:39:19 INFO  Log:16 - ********************************
2023-04-29 17:39:19 INFO  Log:17 - *************This is the beginning of my Test case*******************
2023-04-29 17:39:19 INFO  Log:28 - My test is executing right now
2023-04-29 17:39:19 INFO  Log:33 - My test case might have some trivial issues
2023-04-29 17:39:21 INFO  Log:28 - This case is about to get completed
2023-04-29 17:39:21 INFO  Log:22 - ###################################
2023-04-29 17:39:21 INFO  Log:23 - ###################################
2023-04-29 17:39:21 INFO  Log:24 - ############This test case is finished#######################
2023-04-29 17:57:41 INFO  Log:15 - ********************************
2023-04-29 17:57:41 INFO  Log:16 - ********************************
2023-04-29 17:57:41 INFO  Log:17 - *************This is the beginning of my Test case*******************
2023-04-29 17:57:41 INFO  Log:28 - My test is executing right now
2023-04-29 17:57:41 INFO  Log:33 - My test case might have some trivial issues
2023-04-29 17:57:41 INFO  Log:28 - This case is about to get completed
2023-04-29 17:57:41 INFO  Log:22 - ###################################
2023-04-29 17:57:41 INFO  Log:23 - ###################################
2023-04-29 17:57:41 INFO  Log:24 - ############This test case is finished#######################
2023-04-29 18:18:39 INFO  Log:15 - ********************************
2023-04-29 18:18:39 INFO  Log:16 - ********************************
2023-04-29 18:18:39 INFO  Log:17 - *************This is the beginning of my Test case*******************
2023-04-29 18:18:39 INFO  Log:28 - My test is executing right now
2023-04-29 18:18:39 INFO  Log:33 - My test case might have some trivial issues
2023-04-29 18:18:39 INFO  Log:28 - This case is about to get completed
2023-04-29 18:18:39 INFO  Log:22 - ###################################
2023-04-29 18:18:39 INFO  Log:23 - ###################################
2023-04-29 18:18:39 INFO  Log:24 - ############This test case is finished#######################
2023-04-29 18:23:51 INFO  Log:15 - ********************************
2023-04-29 18:23:51 INFO  Log:16 - ********************************
2023-04-29 18:23:51 INFO  Log:17 - *************This is the beginning of my Test case*******************
2023-04-29 18:23:51 INFO  Log:28 - My test is executing right now
2023-04-29 18:23:51 INFO  Log:33 - My test case might have some trivial issues
2023-04-29 18:23:51 INFO  Log:28 - This case is about to get completed
2023-04-29 18:23:51 INFO  Log:22 - ###################################
2023-04-29 18:23:51 INFO  Log:23 - ###################################
2023-04-29 18:23:51 INFO  Log:24 - ############This test case is finished#######################
2023-04-29 18:24:54 INFO  Log:15 - ********************************
2023-04-29 18:24:54 INFO  Log:16 - ********************************
2023-04-29 18:24:54 INFO  Log:17 - *************This is the beginning of my Test case*******************
2023-04-29 18:24:54 INFO  Log:28 - My test is executing right now
2023-04-29 18:24:54 INFO  Log:33 - My test case might have some trivial issues
2023-04-29 18:24:55 INFO  Log:28 - This case is about to get completed
2023-04-29 18:24:55 INFO  Log:22 - ###################################
2023-04-29 18:24:55 INFO  Log:23 - ###################################
2023-04-29 18:24:55 INFO  Log:24 - ############This test case is finished#######################
2023-04-29 18:27:44 INFO  Log:15 - ********************************
2023-04-29 18:27:44 INFO  Log:16 - ********************************
2023-04-29 18:27:44 INFO  Log:17 - *************This is the beginning of my Test case*******************
2023-04-29 18:27:44 INFO  Log:28 - My test is executing right now
2023-04-29 18:27:44 INFO  Log:33 - My test case might have some trivial issues
2023-04-29 18:27:48 INFO  Log:28 - This case is about to get completed
2023-04-29 18:27:48 INFO  Log:22 - ###################################
2023-04-29 18:27:48 INFO  Log:23 - ###################################
2023-04-29 18:27:48 INFO  Log:24 - ############This test case is finished#######################
2023-04-29 18:28:27 INFO  Log:15 - ********************************
2023-04-29 18:28:27 INFO  Log:16 - ********************************
2023-04-29 18:28:27 INFO  Log:17 - *************This is the beginning of my Test case*******************
2023-04-29 18:28:27 INFO  Log:28 - My test is executing right now
2023-04-29 18:28:27 INFO  Log:33 - My test case might have some trivial issues
2023-04-29 18:28:32 INFO  Log:28 - This case is about to get completed
2023-04-29 18:28:32 INFO  Log:22 - ###################################
2023-04-29 18:28:32 INFO  Log:23 - ###################################
2023-04-29 18:28:32 INFO  Log:24 - ############This test case is finished#######################
2023-04-29 18:36:42 INFO  Log:15 - ********************************
2023-04-29 18:36:42 INFO  Log:16 - ********************************
2023-04-29 18:36:42 INFO  Log:17 - *************This is the beginning of my Test case*******************
2023-04-29 18:36:42 INFO  Log:28 - My test is executing right now
2023-04-29 18:36:42 INFO  Log:33 - My test case might have some trivial issues
2023-04-29 18:36:52 INFO  Log:28 - This case is about to get completed
2023-04-29 18:36:52 INFO  Log:22 - ###################################
2023-04-29 18:36:52 INFO  Log:23 - ###################################
2023-04-29 18:36:52 INFO  Log:24 - ############This test case is finished#######################
2023-04-29 19:05:46 INFO  Log:15 - ********************************
2023-04-29 19:05:46 INFO  Log:16 - ********************************
2023-04-29 19:05:46 INFO  Log:17 - *************This is the beginning of my Test case*******************
2023-04-29 19:05:46 INFO  Log:28 - My test is executing right now
2023-04-29 19:05:46 INFO  Log:33 - My test case might have some trivial issues
2023-04-29 19:05:55 INFO  Log:28 - This case is about to get completed
2023-04-29 19:05:55 INFO  Log:22 - ###################################
2023-04-29 19:05:55 INFO  Log:23 - ###################################
2023-04-29 19:05:55 INFO  Log:24 - ############This test case is finished#######################
2023-04-29 19:06:33 INFO  Log:15 - ********************************
2023-04-29 19:06:33 INFO  Log:16 - ********************************
2023-04-29 19:06:33 INFO  Log:17 - *************This is the beginning of my Test case*******************
2023-04-29 19:06:33 INFO  Log:28 - My test is executing right now
2023-04-29 19:06:33 INFO  Log:33 - My test case might have some trivial issues
2023-04-29 19:06:45 INFO  Log:28 - This case is about to get completed
2023-04-29 19:06:45 INFO  Log:22 - ###################################
2023-04-29 19:06:45 INFO  Log:23 - ###################################
2023-04-29 19:06:45 INFO  Log:24 - ############This test case is finished#######################
2023-04-29 19:07:35 INFO  Log:15 - ********************************
2023-04-29 19:07:35 INFO  Log:16 - ********************************
2023-04-29 19:07:35 INFO  Log:17 - *************This is the beginning of my Test case*******************
2023-04-29 19:07:35 INFO  Log:28 - My test is executing right now
2023-04-29 19:07:35 INFO  Log:33 - My test case might have some trivial issues
2023-04-29 19:07:49 INFO  Log:28 - This case is about to get completed
2023-04-29 19:07:49 INFO  Log:22 - ###################################
2023-04-29 19:07:49 INFO  Log:23 - ###################################
2023-04-29 19:07:49 INFO  Log:24 - ############This test case is finished#######################
2023-04-29 19:13:54 INFO  Log:15 - ********************************
2023-04-29 19:13:54 INFO  Log:16 - ********************************
2023-04-29 19:13:54 INFO  Log:17 - *************This is the beginning of my Test case*******************
2023-04-29 19:13:54 INFO  Log:28 - My test is executing right now
2023-04-29 19:13:54 INFO  Log:33 - My test case might have some trivial issues
2023-04-29 19:15:06 INFO  Log:15 - ********************************
2023-04-29 19:15:06 INFO  Log:16 - ********************************
2023-04-29 19:15:06 INFO  Log:17 - *************This is the beginning of my Test case*******************
2023-04-29 19:15:06 INFO  Log:28 - My test is executing right now
2023-04-29 19:15:06 INFO  Log:33 - My test case might have some trivial issues
2023-04-29 19:16:27 INFO  Log:15 - ********************************
2023-04-29 19:16:27 INFO  Log:16 - ********************************
2023-04-29 19:16:27 INFO  Log:17 - *************This is the beginning of my Test case*******************
2023-04-29 19:16:27 INFO  Log:28 - My test is executing right now
2023-04-29 19:16:27 INFO  Log:33 - My test case might have some trivial issues
2023-04-29 19:18:23 INFO  Log:15 - ********************************
2023-04-29 19:18:23 INFO  Log:16 - ********************************
2023-04-29 19:18:23 INFO  Log:17 - *************This is the beginning of my Test case*******************
2023-04-29 19:18:23 INFO  Log:28 - My test is executing right now
2023-04-29 19:18:23 INFO  Log:33 - My test case might have some trivial issues
2023-04-29 19:26:54 INFO  Log:15 - ********************************
2023-04-29 19:26:54 INFO  Log:16 - ********************************
2023-04-29 19:26:54 INFO  Log:17 - *************This is the beginning of my Test case*******************
2023-04-29 19:26:54 INFO  Log:28 - My test is executing right now
2023-04-29 19:26:54 INFO  Log:33 - My test case might have some trivial issues
2023-04-29 19:29:48 INFO  Log:15 - ********************************
2023-04-29 19:29:48 INFO  Log:16 - ********************************
2023-04-29 19:29:48 INFO  Log:17 - *************This is the beginning of my Test case*******************
2023-04-29 19:29:48 INFO  Log:28 - My test is executing right now
2023-04-29 19:29:48 INFO  Log:33 - My test case might have some trivial issues
2023-04-29 19:30:02 INFO  Log:28 - This case is about to get completed
2023-04-29 19:30:02 INFO  Log:22 - ###################################
2023-04-29 19:30:02 INFO  Log:23 - ###################################
2023-04-29 19:30:02 INFO  Log:24 - ############This test case is finished#######################
2023-04-29 20:21:00 INFO  Log:15 - ********************************
2023-04-29 20:21:00 INFO  Log:16 - ********************************
2023-04-29 20:21:00 INFO  Log:17 - *************This is the beginning of my Test case*******************
2023-04-29 20:21:00 INFO  Log:28 - My test is executing right now
2023-04-29 20:21:00 INFO  Log:33 - My test case might have some trivial issues
2023-04-29 20:21:10 INFO  Log:28 - This case is about to get completed
2023-04-29 20:21:10 INFO  Log:22 - ###################################
2023-04-29 20:21:10 INFO  Log:23 - ###################################
2023-04-29 20:21:10 INFO  Log:24 - ############This test case is finished#######################
2023-04-29 20:24:19 INFO  Log:15 - ********************************
2023-04-29 20:24:19 INFO  Log:16 - ********************************
2023-04-29 20:24:19 INFO  Log:17 - *************This is the beginning of my Test case*******************
2023-04-29 20:24:19 INFO  Log:28 - My test is executing right now
2023-04-29 20:24:19 INFO  Log:33 - My test case might have some trivial issues
2023-04-29 20:25:20 INFO  Log:15 - ********************************
2023-04-29 20:25:20 INFO  Log:16 - ********************************
2023-04-29 20:25:20 INFO  Log:17 - *************This is the beginning of my Test case*******************
2023-04-29 20:25:20 INFO  Log:28 - My test is executing right now
2023-04-29 20:25:20 INFO  Log:33 - My test case might have some trivial issues
2023-04-29 20:27:59 INFO  Log:15 - ********************************
2023-04-29 20:27:59 INFO  Log:16 - ********************************
2023-04-29 20:27:59 INFO  Log:17 - *************This is the beginning of my Test case*******************
2023-04-29 20:27:59 INFO  Log:28 - My test is executing right now
2023-04-29 20:27:59 INFO  Log:33 - My test case might have some trivial issues
2023-04-29 20:30:53 INFO  Log:15 - ********************************
2023-04-29 20:30:53 INFO  Log:16 - ********************************
2023-04-29 20:30:53 INFO  Log:17 - *************This is the beginning of my Test case*******************
2023-04-29 20:30:53 INFO  Log:28 - My test is executing right now
2023-04-29 20:30:53 INFO  Log:33 - My test case might have some trivial issues
2023-04-29 20:32:06 INFO  Log:15 - ********************************
2023-04-29 20:32:06 INFO  Log:16 - ********************************
2023-04-29 20:32:06 INFO  Log:17 - *************This is the beginning of my Test case*******************
2023-04-29 20:32:06 INFO  Log:28 - My test is executing right now
2023-04-29 20:32:06 INFO  Log:33 - My test case might have some trivial issues
2023-04-29 20:32:46 INFO  Log:15 - ********************************
2023-04-29 20:32:46 INFO  Log:16 - ********************************
2023-04-29 20:32:46 INFO  Log:17 - *************This is the beginning of my Test case*******************
2023-04-29 20:32:46 INFO  Log:28 - My test is executing right now
2023-04-29 20:32:46 INFO  Log:33 - My test case might have some trivial issues
2023-04-29 20:33:15 INFO  Log:28 - This case is about to get completed
2023-04-29 20:33:15 INFO  Log:22 - ###################################
2023-04-29 20:33:15 INFO  Log:23 - ###################################
2023-04-29 20:33:15 INFO  Log:24 - ############This test case is finished#######################
2023-04-29 20:34:38 INFO  Log:15 - ********************************
2023-04-29 20:34:38 INFO  Log:16 - ********************************
2023-04-29 20:34:38 INFO  Log:17 - *************This is the beginning of my Test case*******************
2023-04-29 20:34:38 INFO  Log:28 - My test is executing right now
2023-04-29 20:34:38 INFO  Log:33 - My test case might have some trivial issues
2023-04-29 20:34:51 INFO  Log:28 - This case is about to get completed
2023-04-29 20:34:51 INFO  Log:22 - ###################################
2023-04-29 20:34:51 INFO  Log:23 - ###################################
2023-04-29 20:34:51 INFO  Log:24 - ############This test case is finished#######################
2023-05-01 17:12:30 INFO  Log:15 - ********************************
2023-05-01 17:12:30 INFO  Log:16 - ********************************
2023-05-01 17:12:30 INFO  Log:17 - *************This is the beginning of my Test case*******************
2023-05-01 17:12:30 INFO  Log:28 - My test is executing right now
2023-05-01 17:12:30 INFO  Log:33 - My test case might have some trivial issues
2023-05-01 17:12:31 INFO  Log:28 - This case is about to get completed
2023-05-01 17:12:31 INFO  Log:22 - ###################################
2023-05-01 17:12:31 INFO  Log:23 - ###################################
2023-05-01 17:12:31 INFO  Log:24 - ############This test case is finished#######################
2023-05-01 17:38:17 INFO  Log:15 - ********************************
2023-05-01 17:38:17 INFO  Log:16 - ********************************
2023-05-01 17:38:17 INFO  Log:17 - *************This is the beginning of my Test case*******************
2023-05-01 17:38:17 INFO  Log:28 - My test is executing right now
2023-05-01 17:38:17 INFO  Log:33 - My test case might have some trivial issues
2023-05-01 17:38:18 INFO  Log:28 - This case is about to get completed
2023-05-01 17:38:18 INFO  Log:22 - ###################################
2023-05-01 17:38:18 INFO  Log:23 - ###################################
2023-05-01 17:38:18 INFO  Log:24 - ############This test case is finished#######################
2023-05-01 17:39:04 INFO  Log:15 - ********************************
2023-05-01 17:39:04 INFO  Log:16 - ********************************
2023-05-01 17:39:04 INFO  Log:17 - *************This is the beginning of my Test case*******************
2023-05-01 17:39:04 INFO  Log:28 - My test is executing right now
2023-05-01 17:39:04 INFO  Log:33 - My test case might have some trivial issues
2023-05-01 17:39:06 INFO  Log:28 - This case is about to get completed
2023-05-01 17:39:06 INFO  Log:22 - ###################################
2023-05-01 17:39:06 INFO  Log:23 - ###################################
2023-05-01 17:39:06 INFO  Log:24 - ############This test case is finished#######################
2023-05-01 23:29:10 INFO  Log:15 - ********************************
2023-05-01 23:29:10 INFO  Log:16 - ********************************
2023-05-01 23:29:10 INFO  Log:17 - *************This is the beginning of my Test case*******************
2023-05-01 23:29:10 INFO  Log:28 - My test is executing right now
2023-05-01 23:29:10 INFO  Log:33 - My test case might have some trivial issues
2023-05-01 23:29:24 INFO  Log:28 - This case is about to get completed
2023-05-01 23:29:24 INFO  Log:22 - ###################################
2023-05-01 23:29:24 INFO  Log:23 - ###################################
2023-05-01 23:29:24 INFO  Log:24 - ############This test case is finished#######################
2023-05-01 23:48:13 INFO  Log:15 - ********************************
2023-05-01 23:48:13 INFO  Log:16 - ********************************
2023-05-01 23:48:13 INFO  Log:17 - *************This is the beginning of my Test case*******************
2023-05-01 23:48:13 INFO  Log:28 - My test is executing right now
2023-05-01 23:48:13 INFO  Log:33 - My test case might have some trivial issues
2023-05-01 23:48:15 INFO  Log:28 - This case is about to get completed
2023-05-01 23:48:15 INFO  Log:22 - ###################################
2023-05-01 23:48:15 INFO  Log:23 - ###################################
2023-05-01 23:48:15 INFO  Log:24 - ############This test case is finished#######################
2023-05-01 23:49:29 INFO  Log:15 - ********************************
2023-05-01 23:49:29 INFO  Log:16 - ********************************
2023-05-01 23:49:29 INFO  Log:17 - *************This is the beginning of my Test case*******************
2023-05-01 23:49:29 INFO  Log:28 - My test is executing right now
2023-05-01 23:49:29 INFO  Log:33 - My test case might have some trivial issues
2023-05-01 23:50:54 INFO  Log:15 - ********************************
2023-05-01 23:50:54 INFO  Log:16 - ********************************
2023-05-01 23:50:54 INFO  Log:17 - *************This is the beginning of my Test case*******************
2023-05-01 23:50:54 INFO  Log:28 - My test is executing right now
2023-05-01 23:50:54 INFO  Log:33 - My test case might have some trivial issues
2023-05-01 23:51:00 INFO  Log:28 - This case is about to get completed
2023-05-01 23:51:00 INFO  Log:22 - ###################################
2023-05-01 23:51:00 INFO  Log:23 - ###################################
2023-05-01 23:51:00 INFO  Log:24 - ############This test case is finished#######################
2023-05-01 23:51:35 INFO  Log:15 - ********************************
2023-05-01 23:51:35 INFO  Log:16 - ********************************
2023-05-01 23:51:35 INFO  Log:17 - *************This is the beginning of my Test case*******************
2023-05-01 23:51:35 INFO  Log:28 - My test is executing right now
2023-05-01 23:51:35 INFO  Log:33 - My test case might have some trivial issues
2023-05-01 23:53:11 INFO  Log:15 - ********************************
2023-05-01 23:53:11 INFO  Log:16 - ********************************
2023-05-01 23:53:11 INFO  Log:17 - *************This is the beginning of my Test case*******************
2023-05-01 23:53:11 INFO  Log:28 - My test is executing right now
2023-05-01 23:53:11 INFO  Log:33 - My test case might have some trivial issues
2023-05-01 23:53:13 INFO  Log:28 - This case is about to get completed
2023-05-01 23:53:13 INFO  Log:22 - ###################################
2023-05-01 23:53:13 INFO  Log:23 - ###################################
2023-05-01 23:53:13 INFO  Log:24 - ############This test case is finished#######################
2023-05-01 23:57:25 INFO  Log:15 - ********************************
2023-05-01 23:57:25 INFO  Log:16 - ********************************
2023-05-01 23:57:25 INFO  Log:17 - *************This is the beginning of my Test case*******************
2023-05-01 23:57:25 INFO  Log:28 - My test is executing right now
2023-05-01 23:57:25 INFO  Log:33 - My test case might have some trivial issues
2023-05-01 23:57:27 INFO  Log:28 - This case is about to get completed
2023-05-01 23:57:27 INFO  Log:22 - ###################################
2023-05-01 23:57:27 INFO  Log:23 - ###################################
2023-05-01 23:57:27 INFO  Log:24 - ############This test case is finished#######################
2023-05-02 00:00:17 INFO  Log:15 - ********************************
2023-05-02 00:00:17 INFO  Log:16 - ********************************
2023-05-02 00:00:17 INFO  Log:17 - *************This is the beginning of my Test case*******************
2023-05-02 00:00:17 INFO  Log:28 - My test is executing right now
2023-05-02 00:00:17 INFO  Log:33 - My test case might have some trivial issues
2023-05-02 00:00:19 INFO  Log:28 - This case is about to get completed
2023-05-02 00:00:19 INFO  Log:22 - ###################################
2023-05-02 00:00:19 INFO  Log:23 - ###################################
2023-05-02 00:00:19 INFO  Log:24 - ############This test case is finished#######################
2023-05-02 00:02:18 INFO  Log:15 - ********************************
2023-05-02 00:02:18 INFO  Log:16 - ********************************
2023-05-02 00:02:18 INFO  Log:17 - *************This is the beginning of my Test case*******************
2023-05-02 00:02:18 INFO  Log:28 - My test is executing right now
2023-05-02 00:02:18 INFO  Log:33 - My test case might have some trivial issues
2023-05-02 00:02:20 INFO  Log:28 - This case is about to get completed
2023-05-02 00:02:20 INFO  Log:22 - ###################################
2023-05-02 00:02:20 INFO  Log:23 - ###################################
2023-05-02 00:02:20 INFO  Log:24 - ############This test case is finished#######################
2023-05-02 00:02:42 INFO  Log:15 - ********************************
2023-05-02 00:02:42 INFO  Log:16 - ********************************
2023-05-02 00:02:42 INFO  Log:17 - *************This is the beginning of my Test case*******************
2023-05-02 00:02:42 INFO  Log:28 - My test is executing right now
2023-05-02 00:02:42 INFO  Log:33 - My test case might have some trivial issues
2023-05-02 00:02:44 INFO  Log:28 - This case is about to get completed
2023-05-02 00:02:44 INFO  Log:22 - ###################################
2023-05-02 00:02:44 INFO  Log:23 - ###################################
2023-05-02 00:02:44 INFO  Log:24 - ############This test case is finished#######################
2023-05-02 00:03:03 INFO  Log:15 - ********************************
2023-05-02 00:03:03 INFO  Log:16 - ********************************
2023-05-02 00:03:03 INFO  Log:17 - *************This is the beginning of my Test case*******************
2023-05-02 00:03:03 INFO  Log:28 - My test is executing right now
2023-05-02 00:03:03 INFO  Log:33 - My test case might have some trivial issues
2023-05-02 00:03:05 INFO  Log:28 - This case is about to get completed
2023-05-02 00:03:05 INFO  Log:22 - ###################################
2023-05-02 00:03:05 INFO  Log:23 - ###################################
2023-05-02 00:03:05 INFO  Log:24 - ############This test case is finished#######################
2023-05-13 12:30:15 INFO  Log:15 - ********************************
2023-05-13 12:30:15 INFO  Log:16 - ********************************
2023-05-13 12:30:15 INFO  Log:17 - *************This is the beginning of my Test case*******************
2023-05-13 12:30:15 INFO  Log:28 - My test is executing right now
2023-05-13 12:30:15 INFO  Log:33 - My test case might have some trivial issues
2023-05-13 12:30:16 INFO  Log:28 - This case is about to get completed
2023-05-13 12:30:16 INFO  Log:22 - ###################################
2023-05-13 12:30:16 INFO  Log:23 - ###################################
2023-05-13 12:30:16 INFO  Log:24 - ############This test case is finished#######################
2023-05-13 12:30:43 INFO  Log:15 - ********************************
2023-05-13 12:30:43 INFO  Log:16 - ********************************
2023-05-13 12:30:43 INFO  Log:17 - *************This is the beginning of my Test case*******************
2023-05-13 12:30:43 INFO  Log:28 - My test is executing right now
2023-05-13 12:30:43 INFO  Log:33 - My test case might have some trivial issues
2023-05-13 12:32:36 INFO  Log:15 - ********************************
2023-05-13 12:32:36 INFO  Log:16 - ********************************
2023-05-13 12:32:36 INFO  Log:17 - *************This is the beginning of my Test case*******************
2023-05-13 12:32:36 INFO  Log:28 - My test is executing right now
2023-05-13 12:32:36 INFO  Log:33 - My test case might have some trivial issues
2023-05-13 12:33:09 INFO  Log:28 - This case is about to get completed
2023-05-13 12:33:09 INFO  Log:22 - ###################################
2023-05-13 12:33:09 INFO  Log:23 - ###################################
2023-05-13 12:33:09 INFO  Log:24 - ############This test case is finished#######################
2023-05-13 12:35:56 INFO  Log:15 - ********************************
2023-05-13 12:35:56 INFO  Log:16 - ********************************
2023-05-13 12:35:56 INFO  Log:17 - *************This is the beginning of my Test case*******************
2023-05-13 12:35:56 INFO  Log:28 - My test is executing right now
2023-05-13 12:35:56 INFO  Log:33 - My test case might have some trivial issues
2023-05-13 12:36:08 INFO  Log:28 - This case is about to get completed
2023-05-13 12:36:08 INFO  Log:22 - ###################################
2023-05-13 12:36:08 INFO  Log:23 - ###################################
2023-05-13 12:36:08 INFO  Log:24 - ############This test case is finished#######################
2023-05-13 12:41:27 INFO  Log:15 - ********************************
2023-05-13 12:41:27 INFO  Log:16 - ********************************
2023-05-13 12:41:27 INFO  Log:17 - *************This is the beginning of my Test case*******************
2023-05-13 12:41:27 INFO  Log:28 - My test is executing right now
2023-05-13 12:41:27 INFO  Log:33 - My test case might have some trivial issues
2023-05-13 12:41:37 INFO  Log:28 - This case is about to get completed
2023-05-13 12:41:37 INFO  Log:22 - ###################################
2023-05-13 12:41:37 INFO  Log:23 - ###################################
2023-05-13 12:41:37 INFO  Log:24 - ############This test case is finished#######################
2023-05-27 10:47:16 INFO  Log:15 - ********************************
2023-05-27 10:47:16 INFO  Log:16 - ********************************
2023-05-27 10:47:16 INFO  Log:17 - *************This is the beginning of my Test case*******************
2023-05-27 10:47:16 INFO  Log:28 - My test is executing right now
2023-05-27 10:47:16 INFO  Log:33 - My test case might have some trivial issues
2023-05-27 10:47:17 INFO  Log:28 - This case is about to get completed
2023-05-27 10:47:17 INFO  Log:22 - ###################################
2023-05-27 10:47:17 INFO  Log:23 - ###################################
2023-05-27 10:47:17 INFO  Log:24 - ############This test case is finished#######################
2023-05-30 13:32:32 INFO  Log:15 - ********************************
2023-05-30 13:32:32 INFO  Log:16 - ********************************
2023-05-30 13:32:32 INFO  Log:17 - *************This is the beginning of my Test case*******************
2023-05-30 13:32:32 INFO  Log:28 - My test is executing right now
2023-05-30 13:32:32 INFO  Log:33 - My test case might have some trivial issues
2023-05-30 13:32:34 INFO  Log:15 - ********************************
2023-05-30 13:32:34 INFO  Log:16 - ********************************
2023-05-30 13:32:34 INFO  Log:17 - *************This is the beginning of my Test case*******************
2023-05-30 13:32:34 INFO  Log:28 - My test is executing right now
2023-05-30 13:32:34 INFO  Log:33 - My test case might have some trivial issues
2023-05-30 13:32:37 INFO  Log:28 - This case is about to get completed
2023-05-30 13:32:37 INFO  Log:22 - ###################################
2023-05-30 13:32:37 INFO  Log:23 - ###################################
2023-05-30 13:32:37 INFO  Log:24 - ############This test case is finished#######################
2023-05-30 13:32:39 INFO  Log:15 - ********************************
2023-05-30 13:32:39 INFO  Log:16 - ********************************
2023-05-30 13:32:39 INFO  Log:17 - *************This is the beginning of my Test case*******************
2023-05-30 13:32:39 INFO  Log:28 - My test is executing right now
2023-05-30 13:32:39 INFO  Log:33 - My test case might have some trivial issues
2023-05-30 13:32:42 INFO  Log:15 - ********************************
2023-05-30 13:32:42 INFO  Log:16 - ********************************
2023-05-30 13:32:42 INFO  Log:17 - *************This is the beginning of my Test case*******************
2023-05-30 13:32:42 INFO  Log:28 - My test is executing right now
2023-05-30 13:32:42 INFO  Log:33 - My test case might have some trivial issues
2023-05-30 13:32:45 INFO  Log:28 - This case is about to get completed
2023-05-30 13:32:45 INFO  Log:22 - ###################################
2023-05-30 13:32:45 INFO  Log:23 - ###################################
2023-05-30 13:32:45 INFO  Log:24 - ############This test case is finished#######################
2023-05-30 13:32:47 INFO  Log:15 - ********************************
2023-05-30 13:32:47 INFO  Log:16 - ********************************
2023-05-30 13:32:47 INFO  Log:17 - *************This is the beginning of my Test case*******************
2023-05-30 13:32:47 INFO  Log:28 - My test is executing right now
2023-05-30 13:32:47 INFO  Log:33 - My test case might have some trivial issues
2023-05-30 13:32:50 INFO  Log:15 - ********************************
2023-05-30 13:32:50 INFO  Log:16 - ********************************
2023-05-30 13:32:50 INFO  Log:17 - *************This is the beginning of my Test case*******************
2023-05-30 13:32:50 INFO  Log:28 - My test is executing right now
2023-05-30 13:32:50 INFO  Log:33 - My test case might have some trivial issues
2023-05-30 13:32:51 INFO  Log:28 - This case is about to get completed
2023-05-30 13:32:51 INFO  Log:22 - ###################################
2023-05-30 13:32:51 INFO  Log:23 - ###################################
2023-05-30 13:32:51 INFO  Log:24 - ############This test case is finished#######################
2023-05-30 13:43:52 INFO  Log:15 - ********************************
2023-05-30 13:43:52 INFO  Log:16 - ********************************
2023-05-30 13:43:52 INFO  Log:17 - *************This is the beginning of my Test case*******************
2023-05-30 13:43:52 INFO  Log:28 - My test is executing right now
2023-05-30 13:43:52 INFO  Log:33 - My test case might have some trivial issues
2023-05-30 13:43:55 INFO  Log:15 - ********************************
2023-05-30 13:43:55 INFO  Log:16 - ********************************
2023-05-30 13:43:55 INFO  Log:17 - *************This is the beginning of my Test case*******************
2023-05-30 13:43:55 INFO  Log:28 - My test is executing right now
2023-05-30 13:43:55 INFO  Log:33 - My test case might have some trivial issues
2023-05-30 13:43:58 INFO  Log:28 - This case is about to get completed
2023-05-30 13:43:58 INFO  Log:22 - ###################################
2023-05-30 13:43:58 INFO  Log:23 - ###################################
2023-05-30 13:43:58 INFO  Log:24 - ############This test case is finished#######################
2023-05-30 13:44:01 INFO  Log:15 - ********************************
2023-05-30 13:44:01 INFO  Log:16 - ********************************
2023-05-30 13:44:01 INFO  Log:17 - *************This is the beginning of my Test case*******************
2023-05-30 13:44:01 INFO  Log:28 - My test is executing right now
2023-05-30 13:44:01 INFO  Log:33 - My test case might have some trivial issues
2023-05-30 13:44:03 INFO  Log:15 - ********************************
2023-05-30 13:44:03 INFO  Log:16 - ********************************
2023-05-30 13:44:03 INFO  Log:17 - *************This is the beginning of my Test case*******************
2023-05-30 13:44:03 INFO  Log:28 - My test is executing right now
2023-05-30 13:44:03 INFO  Log:33 - My test case might have some trivial issues
2023-05-30 13:44:07 INFO  Log:28 - This case is about to get completed
2023-05-30 13:44:07 INFO  Log:22 - ###################################
2023-05-30 13:44:07 INFO  Log:23 - ###################################
2023-05-30 13:44:07 INFO  Log:24 - ############This test case is finished#######################
2023-05-30 13:44:10 INFO  Log:15 - ********************************
2023-05-30 13:44:10 INFO  Log:16 - ********************************
2023-05-30 13:44:10 INFO  Log:17 - *************This is the beginning of my Test case*******************
2023-05-30 13:44:10 INFO  Log:28 - My test is executing right now
2023-05-30 13:44:10 INFO  Log:33 - My test case might have some trivial issues
2023-05-30 13:44:15 INFO  Log:15 - ********************************
2023-05-30 13:44:15 INFO  Log:16 - ********************************
2023-05-30 13:44:15 INFO  Log:17 - *************This is the beginning of my Test case*******************
2023-05-30 13:44:15 INFO  Log:28 - My test is executing right now
2023-05-30 13:44:15 INFO  Log:33 - My test case might have some trivial issues
2023-05-30 13:44:18 INFO  Log:28 - This case is about to get completed
2023-05-30 13:44:18 INFO  Log:22 - ###################################
2023-05-30 13:44:18 INFO  Log:23 - ###################################
2023-05-30 13:44:18 INFO  Log:24 - ############This test case is finished#######################
2023-05-30 14:03:38 INFO  Log:15 - ********************************
2023-05-30 14:03:38 INFO  Log:16 - ********************************
2023-05-30 14:03:38 INFO  Log:17 - *************This is the beginning of my Test case*******************
2023-05-30 14:03:38 INFO  Log:28 - My test is executing right now
2023-05-30 14:03:38 INFO  Log:33 - My test case might have some trivial issues
2023-05-30 14:03:40 INFO  Log:15 - ********************************
2023-05-30 14:03:40 INFO  Log:16 - ********************************
2023-05-30 14:03:40 INFO  Log:17 - *************This is the beginning of my Test case*******************
2023-05-30 14:03:40 INFO  Log:28 - My test is executing right now
2023-05-30 14:03:40 INFO  Log:33 - My test case might have some trivial issues
2023-05-30 14:03:43 INFO  Log:28 - This case is about to get completed
2023-05-30 14:03:43 INFO  Log:22 - ###################################
2023-05-30 14:03:43 INFO  Log:23 - ###################################
2023-05-30 14:03:43 INFO  Log:24 - ############This test case is finished#######################
2023-05-30 14:05:27 INFO  Log:15 - ********************************
2023-05-30 14:05:27 INFO  Log:16 - ********************************
2023-05-30 14:05:27 INFO  Log:17 - *************This is the beginning of my Test case*******************
2023-05-30 14:05:27 INFO  Log:28 - My test is executing right now
2023-05-30 14:05:27 INFO  Log:33 - My test case might have some trivial issues
2023-05-30 14:05:31 INFO  Log:15 - ********************************
2023-05-30 14:05:31 INFO  Log:16 - ********************************
2023-05-30 14:05:31 INFO  Log:17 - *************This is the beginning of my Test case*******************
2023-05-30 14:05:31 INFO  Log:28 - My test is executing right now
2023-05-30 14:05:31 INFO  Log:33 - My test case might have some trivial issues
2023-05-30 14:05:35 INFO  Log:28 - This case is about to get completed
2023-05-30 14:05:35 INFO  Log:22 - ###################################
2023-05-30 14:05:35 INFO  Log:23 - ###################################
2023-05-30 14:05:35 INFO  Log:24 - ############This test case is finished#######################
2023-05-30 14:06:42 INFO  Log:15 - ********************************
2023-05-30 14:06:42 INFO  Log:16 - ********************************
2023-05-30 14:06:42 INFO  Log:17 - *************This is the beginning of my Test case*******************
2023-05-30 14:06:42 INFO  Log:28 - My test is executing right now
2023-05-30 14:06:42 INFO  Log:33 - My test case might have some trivial issues
2023-05-30 14:06:48 INFO  Log:15 - ********************************
2023-05-30 14:06:48 INFO  Log:16 - ********************************
2023-05-30 14:06:48 INFO  Log:17 - *************This is the beginning of my Test case*******************
2023-05-30 14:06:48 INFO  Log:28 - My test is executing right now
2023-05-30 14:06:48 INFO  Log:33 - My test case might have some trivial issues
2023-05-30 14:06:54 INFO  Log:28 - This case is about to get completed
2023-05-30 14:06:54 INFO  Log:22 - ###################################
2023-05-30 14:06:54 INFO  Log:23 - ###################################
2023-05-30 14:06:54 INFO  Log:24 - ############This test case is finished#######################
